[debug] [2024-01-04T11:07:16.630Z] ----------------------------------------------------------------------
[debug] [2024-01-04T11:07:16.638Z] Command:       C:\Program Files\nodejs\node.exe C:\Users\82103\AppData\Roaming\npm\node_modules\firebase-tools\lib\bin\firebase.js init
[debug] [2024-01-04T11:07:16.638Z] CLI Version:   13.0.2
[debug] [2024-01-04T11:07:16.639Z] Platform:      win32
[debug] [2024-01-04T11:07:16.639Z] Node Version:  v20.8.1
[debug] [2024-01-04T11:07:16.639Z] Time:          Thu Jan 04 2024 20:07:16 GMT+0900 (대한민국 표준시)
[debug] [2024-01-04T11:07:16.639Z] ----------------------------------------------------------------------
[debug] 
[debug] [2024-01-04T11:07:16.909Z] > command requires scopes: ["email","openid","https://www.googleapis.com/auth/cloudplatformprojects.readonly","https://www.googleapis.com/auth/firebase","https://www.googleapis.com/auth/cloud-platform"]
[debug] [2024-01-04T11:07:16.909Z] > authorizing via signed-in user (qaap1234@gmail.com)
[info] 
     ######## #### ########  ######## ########     ###     ######  ########
     ##        ##  ##     ## ##       ##     ##  ##   ##  ##       ##
     ######    ##  ########  ######   ########  #########  ######  ######
     ##        ##  ##    ##  ##       ##     ## ##     ##       ## ##
     ##       #### ##     ## ######## ########  ##     ##  ######  ########

You're about to initialize a Firebase project in this directory:

  E:\hakwon\hcj\doyo

Before we get started, keep in mind:

  * You are initializing within an existing Firebase project directory

